[    0.000000] Initializing cgroup subsys cpuset
[    0.000000] Initializing cgroup subsys cpu
[    0.000000] Initializing cgroup subsys cpuacct
[    0.000000] Linux version 4.4.0-206-generic (buildd@lgw01-amd64-039) (gcc version 5.4.0 20160609 (Ubuntu 5.4.0-6ubuntu1~16.04.12) ) #238-Ubuntu SMP Tue Mar 16 07:52:37 UTC 2021 (Ubuntu 4.4.0-206.238-generic 4.4.254)
[    0.000000] Command line: BOOT_IMAGE=/boot/vmlinuz-4.4.0-206-generic root=LABEL=cloudimg-rootfs ro console=tty1 console=ttyS0
[    0.000000] KERNEL supported cpus:
[    0.000000]   Intel GenuineIntel
[    0.000000]   AMD AuthenticAMD
[    0.000000]   Centaur CentaurHauls
[    0.000000] [Firmware Bug]: TSC doesn't count with P0 frequency!
[    0.000000] x86/fpu: xstate_offset[2]:  576, xstate_sizes[2]:  256
[    0.000000] x86/fpu: Supporting XSAVE feature 0x01: 'x87 floating point registers'
[    0.000000] x86/fpu: Supporting XSAVE feature 0x02: 'SSE registers'
[    0.000000] x86/fpu: Supporting XSAVE feature 0x04: 'AVX registers'
[    0.000000] x86/fpu: Enabled xstate features 0x7, context size is 832 bytes, using 'standard' format.
[    0.000000] e820: BIOS-provided physical RAM map:
[    0.000000] BIOS-e820: [mem 0x0000000000000000-0x000000000009fbff] usable
[    0.000000] BIOS-e820: [mem 0x000000000009fc00-0x000000000009ffff] reserved
[    0.000000] BIOS-e820: [mem 0x00000000000f0000-0x00000000000fffff] reserved
[    0.000000] BIOS-e820: [mem 0x0000000000100000-0x000000007ffeffff] usable
[    0.000000] BIOS-e820: [mem 0x000000007fff0000-0x000000007fffffff] ACPI data
[    0.000000] BIOS-e820: [mem 0x00000000fec00000-0x00000000fec00fff] reserved
[    0.000000] BIOS-e820: [mem 0x00000000fee00000-0x00000000fee00fff] reserved
[    0.000000] BIOS-e820: [mem 0x00000000fffc0000-0x00000000ffffffff] reserved
[    0.000000] NX (Execute Disable) protection: active
[    0.000000] SMBIOS 2.5 present.
[    0.000000] Hypervisor detected: KVM
[    0.000000] Kernel/User page tables isolation: disabled
[    0.000000] e820: last_pfn = 0x7fff0 max_arch_pfn = 0x400000000
[    0.000000] MTRR: Disabled
[    0.000000] x86/PAT: MTRRs disabled, skipping PAT initialization too.
[    0.000000] CPU MTRRs all blank - virtualized system.
[    0.000000] x86/PAT: Configuration [0-7]: WB  WT  UC- UC  WB  WT  UC- UC  
[    0.000000] found SMP MP-table at [mem 0x0009fff0-0x0009ffff] mapped at [ffff88000009fff0]
[    0.000000] Scanning 1 areas for low memory corruption
[    0.000000] RAMDISK: [mem 0x362de000-0x37166fff]
[    0.000000] ACPI: Early table checksum verification disabled
[    0.000000] ACPI: RSDP 0x00000000000E0000 000024 (v02 VBOX  )
[    0.000000] ACPI: XSDT 0x000000007FFF0030 00003C (v01 VBOX   VBOXXSDT 00000001 ASL  00000061)
[    0.000000] ACPI: FACP 0x000000007FFF00F0 0000F4 (v04 VBOX   VBOXFACP 00000001 ASL  00000061)
[    0.000000] ACPI: DSDT 0x000000007FFF0470 002325 (v02 VBOX   VBOXBIOS 00000002 INTL 20100528)
[    0.000000] ACPI: FACS 0x000000007FFF0200 000040
[    0.000000] ACPI: FACS 0x000000007FFF0200 000040
[    0.000000] ACPI: APIC 0x000000007FFF0240 000054 (v02 VBOX   VBOXAPIC 00000001 ASL  00000061)
[    0.000000] ACPI: SSDT 0x000000007FFF02A0 0001CC (v01 VBOX   VBOXCPUT 00000002 INTL 20100528)
[    0.000000] No NUMA configuration found
[    0.000000] Faking a node at [mem 0x0000000000000000-0x000000007ffeffff]
[    0.000000] NODE_DATA(0) allocated [mem 0x7ffeb000-0x7ffeffff]
[    0.000000] kvm-clock: Using msrs 4b564d01 and 4b564d00
[    0.000000] kvm-clock: cpu 0, msr 0:7ffe3001, primary cpu clock
[    0.000000] kvm-clock: using sched offset of 3588066451 cycles
[    0.000000] clocksource: kvm-clock: mask: 0xffffffffffffffff max_cycles: 0x1cd42e4dffb, max_idle_ns: 881590591483 ns
[    0.000000] Zone ranges:
[    0.000000]   DMA      [mem 0x0000000000001000-0x0000000000ffffff]
[    0.000000]   DMA32    [mem 0x0000000001000000-0x000000007ffeffff]
[    0.000000]   Normal   empty
[    0.000000]   Device   empty
[    0.000000] Movable zone start for each node
[    0.000000] Early memory node ranges
[    0.000000]   node   0: [mem 0x0000000000001000-0x000000000009efff]
[    0.000000]   node   0: [mem 0x0000000000100000-0x000000007ffeffff]
[    0.000000] Initmem setup node 0 [mem 0x0000000000001000-0x000000007ffeffff]
[    0.000000] ACPI: PM-Timer IO Port: 0x4008
[    0.000000] IOAPIC[0]: apic_id 1, version 32, address 0xfec00000, GSI 0-23
[    0.000000] ACPI: INT_SRC_OVR (bus 0 bus_irq 0 global_irq 2 dfl dfl)
[    0.000000] ACPI: INT_SRC_OVR (bus 0 bus_irq 9 global_irq 9 low level)
[    0.000000] Using ACPI (MADT) for SMP configuration information
[    0.000000] smpboot: Allowing 1 CPUs, 0 hotplug CPUs
[    0.000000] PM: Registered nosave memory: [mem 0x00000000-0x00000fff]
[    0.000000] PM: Registered nosave memory: [mem 0x0009f000-0x0009ffff]
[    0.000000] PM: Registered nosave memory: [mem 0x000a0000-0x000effff]
[    0.000000] PM: Registered nosave memory: [mem 0x000f0000-0x000fffff]
[    0.000000] e820: [mem 0x80000000-0xfebfffff] available for PCI devices
[    0.000000] Booting paravirtualized kernel on KVM
[    0.000000] clocksource: refined-jiffies: mask: 0xffffffff max_cycles: 0xffffffff, max_idle_ns: 7645519600211568 ns
[    0.000000] setup_percpu: NR_CPUS:512 nr_cpumask_bits:512 nr_cpu_ids:1 nr_node_ids:1
[    0.000000] PERCPU: Embedded 33 pages/cpu @ffff88007fc00000 s95640 r8192 d31336 u2097152
[    0.000000] Built 1 zonelists in Node order, mobility grouping on.  Total pages: 515960
[    0.000000] Policy zone: DMA32
[    0.000000] Kernel command line: BOOT_IMAGE=/boot/vmlinuz-4.4.0-206-generic root=LABEL=cloudimg-rootfs ro console=tty1 console=ttyS0
[    0.000000] PID hash table entries: 4096 (order: 3, 32768 bytes)
[    0.000000] Memory: 2029980K/2096696K available (8641K kernel code, 1337K rwdata, 4044K rodata, 1496K init, 1296K bss, 66716K reserved, 0K cma-reserved)
[    0.000000] SLUB: HWalign=64, Order=0-3, MinObjects=0, CPUs=1, Nodes=1
[    0.000000] Hierarchical RCU implementation.
[    0.000000] 	Build-time adjustment of leaf fanout to 64.
[    0.000000] 	RCU restricting CPUs from NR_CPUS=512 to nr_cpu_ids=1.
[    0.000000] RCU: Adjusting geometry for rcu_fanout_leaf=64, nr_cpu_ids=1
[    0.000000] NR_IRQS:33024 nr_irqs:256 16
[    0.000000] Console: colour VGA+ 80x25
[    0.000000] console [tty1] enabled
[    0.000000] console [ttyS0] enabled
[    0.000000] tsc: Detected 2096.062 MHz processor
[    0.186345] Calibrating delay loop (skipped) preset value.. 4192.12 BogoMIPS (lpj=8384248)
[    0.187932] pid_max: default: 32768 minimum: 301
[    0.188760] ACPI: Core revision 20150930
[    0.190546] ACPI: 2 ACPI AML tables successfully acquired and loaded
[    0.191780] Security Framework initialized
[    0.192573] Yama: becoming mindful.
[    0.193270] AppArmor: AppArmor initialized
[    0.196392] Dentry cache hash table entries: 262144 (order: 9, 2097152 bytes)
[    0.198036] Inode-cache hash table entries: 131072 (order: 8, 1048576 bytes)
[    0.199297] Mount-cache hash table entries: 4096 (order: 3, 32768 bytes)
[    0.200361] Mountpoint-cache hash table entries: 4096 (order: 3, 32768 bytes)
[    0.201629] Initializing cgroup subsys io
[    0.202423] Initializing cgroup subsys memory
[    0.203517] Initializing cgroup subsys devices
[    0.204309] Initializing cgroup subsys freezer
[    0.205130] Initializing cgroup subsys net_cls
[    0.205923] Initializing cgroup subsys perf_event
[    0.206911] Initializing cgroup subsys net_prio
[    0.207775] Initializing cgroup subsys hugetlb
[    0.208588] Initializing cgroup subsys pids
[    0.209429] CPU0: Hyper-Threading is disabled
[    0.222586] mce: CPU supports 0 MCE banks
[    0.223534] Last level iTLB entries: 4KB 1024, 2MB 1024, 4MB 512
[    0.224714] Last level dTLB entries: 4KB 1536, 2MB 1536, 4MB 768, 1GB 0
[    0.225819] Spectre V1 : Mitigation: usercopy/swapgs barriers and __user pointer sanitization
[    0.227384] Spectre V2 : Spectre mitigation: LFENCE not serializing, switching to generic retpoline
[    0.229006] Spectre V2 : Mitigation: Full generic retpoline
[    0.229967] Spectre V2 : Spectre v2 / SpectreRSB mitigation: Filling RSB on context switch
[    0.231511] Speculative Store Bypass: Mitigation: Speculative Store Bypass disabled via prctl and seccomp
[    0.250361] Freeing SMP alternatives memory: 36K
[    0.258168] ftrace: allocating 32370 entries in 127 pages
[    0.338225] smpboot: APIC(0) Converting physical 0 to logical package 0
[    0.340360] smpboot: Max logical packages: 1
[    0.342023] x2apic enabled
[    0.342937] Switched APIC routing to physical x2apic.
[    0.345090] ..TIMER: vector=0x30 apic1=0 pin1=2 apic2=-1 pin2=-1
[    0.454429] smpboot: CPU0: AMD Ryzen 5 3500U with Radeon Vega Mobile Gfx (family: 0x17, model: 0x18, stepping: 0x1)
[    0.457433] Performance Events: Broken PMU hardware detected, using software events only.
[    0.459985] Failed to access perfctr msr (MSR c0010007 is 0)
[    0.469133] KVM setup paravirtual spinlock
[    0.471393] x86: Booted up 1 node, 1 CPUs
[    0.472661] smpboot: Total of 1 processors activated (4192.12 BogoMIPS)
[    0.474398] devtmpfs: initialized
[    0.477790] evm: security.selinux
[    0.478605] evm: security.SMACK64
[    0.479360] evm: security.SMACK64EXEC
[    0.480150] evm: security.SMACK64TRANSMUTE
[    0.481074] evm: security.SMACK64MMAP
[    0.481847] evm: security.ima
[    0.482523] evm: security.capability
[    0.483431] clocksource: jiffies: mask: 0xffffffff max_cycles: 0xffffffff, max_idle_ns: 7645041785100000 ns
[    0.485314] futex hash table entries: 256 (order: 2, 16384 bytes)
[    0.486977] pinctrl core: initialized pinctrl subsystem
[    0.488545] RTC time: 18:58:49, date: 05/07/21
[    0.490131] NET: Registered protocol family 16
[    0.491699] cpuidle: using governor ladder
[    0.492934] cpuidle: using governor menu
[    0.494141] PCCT header not found.
[    0.495547] ACPI: bus type PCI registered
[    0.496928] acpiphp: ACPI Hot Plug PCI Controller Driver version: 0.5
[    0.498568] PCI: Using configuration type 1 for base access
[    0.499606] PCI: Using configuration type 1 for extended access
[    0.501864] ACPI: Added _OSI(Module Device)
[    0.502762] ACPI: Added _OSI(Processor Device)
[    0.503693] ACPI: Added _OSI(3.0 _SCP Extensions)
[    0.504522] ACPI: Added _OSI(Processor Aggregator Device)
[    0.506078] ACPI: Executed 1 blocks of module-level executable AML code
[    0.509269] ACPI: Interpreter enabled
[    0.510031] ACPI: (supports S0 S5)
[    0.510793] ACPI: Using IOAPIC for interrupt routing
[    0.511927] PCI: Using host bridge windows from ACPI; if necessary, use "pci=nocrs" and report a bug
[    0.517685] ACPI: PCI Root Bridge [PCI0] (domain 0000 [bus 00-ff])
[    0.519364] acpi PNP0A03:00: _OSC: OS supports [ExtendedConfig ASPM ClockPM Segments MSI]
[    0.522660] acpi PNP0A03:00: _OSC: platform does not support [PCIeCapability]
[    0.524468] acpi PNP0A03:00: _OSC: not requesting control; platform does not support [PCIeCapability]
[    0.526209] acpi PNP0A03:00: _OSC: OS requested [PCIeHotplug PME AER PCIeCapability]
[    0.527631] acpi PNP0A03:00: _OSC: platform willing to grant [PCIeHotplug PME AER]
[    0.529550] acpi PNP0A03:00: _OSC failed (AE_SUPPORT); disabling ASPM
[    0.531529] PCI host bridge to bus 0000:00
[    0.532590] pci_bus 0000:00: root bus resource [io  0x0000-0x0cf7 window]
[    0.534184] pci_bus 0000:00: root bus resource [io  0x0d00-0xffff window]
[    0.547731] pci_bus 0000:00: root bus resource [mem 0x000a0000-0x000bffff window]
[    0.549274] pci_bus 0000:00: root bus resource [mem 0x80000000-0xfdffffff window]
[    0.550765] pci_bus 0000:00: root bus resource [bus 00-ff]
[    0.555194] pci 0000:00:01.1: legacy IDE quirk: reg 0x10: [io  0x01f0-0x01f7]
[    0.556798] pci 0000:00:01.1: legacy IDE quirk: reg 0x14: [io  0x03f6]
[    0.557974] pci 0000:00:01.1: legacy IDE quirk: reg 0x18: [io  0x0170-0x0177]
[    0.559180] pci 0000:00:01.1: legacy IDE quirk: reg 0x1c: [io  0x0376]
[    0.612944] pci 0000:00:07.0: quirk: [io  0x4000-0x403f] claimed by PIIX4 ACPI
[    0.614693] pci 0000:00:07.0: quirk: [io  0x4100-0x410f] claimed by PIIX4 SMB
[    0.649195] ACPI: PCI Interrupt Link [LNKA] (IRQs 5 9 10 *11)
[    0.651257] ACPI: PCI Interrupt Link [LNKB] (IRQs 5 9 *10 11)
[    0.653212] ACPI: PCI Interrupt Link [LNKC] (IRQs 5 *9 10 11)
[    0.654979] ACPI: PCI Interrupt Link [LNKD] (IRQs 5 9 10 *11)
[    0.657261] ACPI: Enabled 2 GPEs in block 00 to 07
[    0.658846] vgaarb: setting as boot device: PCI:0000:00:02.0
[    0.660141] vgaarb: device added: PCI:0000:00:02.0,decodes=io+mem,owns=io+mem,locks=none
[    0.662561] vgaarb: loaded
[    0.663477] vgaarb: bridge control possible 0000:00:02.0
[    0.665288] SCSI subsystem initialized
[    0.669833] ACPI: bus type USB registered
[    0.670912] usbcore: registered new interface driver usbfs
[    0.672129] usbcore: registered new interface driver hub
[    0.673312] usbcore: registered new device driver usb
[    0.674543] PCI: Using ACPI for IRQ routing
[    0.675723] NetLabel: Initializing
[    0.676478] NetLabel:  domain hash size = 128
[    0.677377] NetLabel:  protocols = UNLABELED CIPSOv4
[    0.678406] NetLabel:  unlabeled traffic allowed by default
[    0.679579] amd_nb: Cannot enumerate AMD northbridges
[    0.680631] clocksource: Switched to clocksource kvm-clock
[    0.694569] AppArmor: AppArmor Filesystem Enabled
[    0.695714] pnp: PnP ACPI init
[    0.697270] pnp: PnP ACPI: found 3 devices
[    0.703761] clocksource: acpi_pm: mask: 0xffffff max_cycles: 0xffffff, max_idle_ns: 2085701024 ns
[    0.705691] NET: Registered protocol family 2
[    0.706974] TCP established hash table entries: 16384 (order: 5, 131072 bytes)
[    0.708505] TCP bind hash table entries: 16384 (order: 6, 262144 bytes)
[    0.709733] TCP: Hash tables configured (established 16384 bind 16384)
[    0.710947] UDP hash table entries: 1024 (order: 3, 32768 bytes)
[    0.712077] UDP-Lite hash table entries: 1024 (order: 3, 32768 bytes)
[    0.713296] NET: Registered protocol family 1
[    0.714185] pci 0000:00:00.0: Limiting direct PCI/PCI transfers
[    0.715319] pci 0000:00:01.0: Activating ISA DMA hang workarounds
[    0.716550] Unpacking initramfs...
[    1.014651] Freeing initrd memory: 14884K
[    1.015692] clocksource: tsc: mask: 0xffffffffffffffff max_cycles: 0x1e36a88731c, max_idle_ns: 440795269020 ns
[    1.017715] platform rtc_cmos: registered platform RTC device (no PNP device found)
[    1.019479] Scanning for low memory corruption every 60 seconds
[    1.021031] audit: initializing netlink subsys (disabled)
[    1.022808] audit: type=2000 audit(1620413935.028:1): initialized
[    1.024546] Initialise system trusted keyring
[    1.025577] HugeTLB registered 2 MB page size, pre-allocated 0 pages
[    1.027706] zbud: loaded
[    1.028713] VFS: Disk quotas dquot_6.6.0
[    1.029550] VFS: Dquot-cache hash table entries: 512 (order 0, 4096 bytes)
[    1.030912] squashfs: version 4.0 (2009/01/31) Phillip Lougher
[    1.032114] fuse init (API version 7.23)
[    1.032991] Key type big_key registered
[    1.034133] Allocating IMA MOK and blacklist keyrings.
[    1.035620] Key type asymmetric registered
[    1.036599] Asymmetric key parser 'x509' registered
[    1.037757] Block layer SCSI generic (bsg) driver version 0.4 loaded (major 249)
[    1.039612] io scheduler noop registered
[    1.040447] io scheduler deadline registered (default)
[    1.041790] io scheduler cfq registered
[    1.042659] pci_hotplug: PCI Hot Plug PCI Core version: 0.5
[    1.043637] pciehp: PCI Express Hot Plug Controller Driver version: 0.4
[    1.045160] ACPI: AC Adapter [AC] (on-line)
[    1.046185] input: Power Button as /devices/LNXSYSTM:00/LNXPWRBN:00/input/input0
[    1.048036] ACPI: Power Button [PWRF]
[    1.049122] input: Sleep Button as /devices/LNXSYSTM:00/LNXSLPBN:00/input/input1
[    1.051022] ACPI: Sleep Button [SLPF]
[    1.052928] ACPI: Battery Slot [BAT0] (battery present)
[    1.054331] GHES: HEST is not enabled!
[    1.055442] Serial: 8250/16550 driver, 32 ports, IRQ sharing enabled
[    1.077446] 00:02: ttyS0 at I/O 0x3f8 (irq = 4, base_baud = 115200) is a 16550A
[    1.080000] Linux agpgart interface v0.103
[    1.081687] loop: module loaded
[    1.082762] scsi host0: ata_piix
[    1.083533] scsi host1: ata_piix
[    1.084226] ata1: PATA max UDMA/33 cmd 0x1f0 ctl 0x3f6 bmdma 0xd000 irq 14
[    1.085645] ata2: PATA max UDMA/33 cmd 0x170 ctl 0x376 bmdma 0xd008 irq 15
[    1.087357] libphy: Fixed MDIO Bus: probed
[    1.088204] tun: Universal TUN/TAP device driver, 1.6
[    1.089616] tun: (C) 1999-2004 Max Krasnyansky <maxk@qualcomm.com>
[    1.091438] PPP generic driver version 2.4.2
[    1.092751] ehci_hcd: USB 2.0 'Enhanced' Host Controller (EHCI) Driver
[    1.094669] ehci-pci: EHCI PCI platform driver
[    1.095861] ehci-platform: EHCI generic platform driver
[    1.097022] ohci_hcd: USB 1.1 'Open' Host Controller (OHCI) Driver
[    1.098136] ohci-pci: OHCI PCI platform driver
[    1.099142] ohci-platform: OHCI generic platform driver
[    1.100429] uhci_hcd: USB Universal Host Controller Interface driver
[    1.102009] i8042: PNP: PS/2 Controller [PNP0303:PS2K,PNP0f03:PS2M] at 0x60,0x64 irq 1,12
[    1.104133] serio: i8042 KBD port at 0x60,0x64 irq 1
[    1.105429] serio: i8042 AUX port at 0x60,0x64 irq 12
[    1.106706] mousedev: PS/2 mouse device common for all mice
[    1.108166] input: AT Translated Set 2 keyboard as /devices/platform/i8042/serio0/input/input2
[    1.110390] rtc_cmos rtc_cmos: rtc core: registered rtc_cmos as rtc0
[    1.111650] rtc_cmos rtc_cmos: alarms up to one day, 114 bytes nvram
[    1.112797] i2c /dev entries driver
[    1.113643] device-mapper: uevent: version 1.0.3
[    1.114614] device-mapper: ioctl: 4.34.0-ioctl (2015-10-28) initialised: dm-devel@redhat.com
[    1.116272] ledtrig-cpu: registered to indicate activity on CPUs
[    1.117865] NET: Registered protocol family 10
[    1.119169] NET: Registered protocol family 17
[    1.120295] Key type dns_resolver registered
[    1.121723] registered taskstats version 1
[    1.122606] Loading compiled-in X.509 certificates
[    1.124040] Loaded X.509 cert 'Build time autogenerated kernel key: 516e255599dc793c39c72783e7b5301ff98d6a80'
[    1.125872] zswap: loaded using pool lzo/zbud
[    1.128067] Key type trusted registered
[    1.130994] Key type encrypted registered
[    1.131831] AppArmor: AppArmor sha1 policy hashing enabled
[    1.132733] ima: No TPM chip found, activating TPM-bypass!
[    1.134249] ima: Allocated hash algorithm: sha1
[    1.135714] evm: HMAC attrs: 0x1
[    1.136969]   Magic number: 5:870:998
[    1.137812] i8042 kbd 00:00: hash matches
[    1.138714] rtc_cmos rtc_cmos: setting system clock to 2021-05-07 18:58:49 UTC (1620413929)
[    1.140742] BIOS EDD facility v0.16 2004-Jun-25, 0 devices found
[    1.141959] EDD information not available.
[    1.265746] Freeing unused kernel memory: 1496K
[    1.266596] Write protecting the kernel read-only data: 14336k
[    1.267990] Freeing unused kernel memory: 1588K
[    1.269038] Freeing unused kernel memory: 52K
Loading, please wait...
starting version 229
[    1.281171] random: udevadm: uninitialized urandom read (16 bytes read, 3 bits of entropy available)
[    1.282861] random: udevadm: uninitialized urandom read (16 bytes read, 3 bits of entropy available)
[    1.285531] random: systemd-udevd: uninitialized urandom read (16 bytes read, 3 bits of entropy available)
[    1.288034] random: systemd-udevd: uninitialized urandom read (16 bytes read, 3 bits of entropy available)
[    1.290230] random: systemd-udevd: uninitialized urandom read (16 bytes read, 3 bits of entropy available)
[    1.292107] random: systemd-udevd: uninitialized urandom read (16 bytes read, 3 bits of entropy available)
[    1.300420] random: systemd-udevd: uninitialized urandom read (16 bytes read, 3 bits of entropy available)
[    1.302867] random: systemd-udevd: uninitialized urandom read (16 bytes read, 3 bits of entropy available)
[    1.305236] random: systemd-udevd: uninitialized urandom read (16 bytes read, 3 bits of entropy available)
[    1.309178] random: systemd-udevd: uninitialized urandom read (16 bytes read, 3 bits of entropy available)
[    1.381728] e1000: Intel(R) PRO/1000 Network Driver - version 7.3.21-k8-NAPI
[    1.382934] e1000: Copyright (c) 1999-2006 Intel Corporation.
[    1.390125] Fusion MPT base driver 3.04.20
[    1.390968] Copyright (c) 1999-2008 LSI Corporation
[    1.406083] Fusion MPT SPI Host driver 3.04.20
[    1.445138] AVX2 version of gcm_enc/dec engaged.
[    1.446088] AES CTR mode by8 optimization enabled
[    1.602428] input: ImExPS/2 Generic Explorer Mouse as /devices/platform/i8042/serio1/input/input4
[    1.796962] e1000 0000:00:03.0 eth0: (PCI:33MHz:32-bit) 02:b5:11:9f:b1:da
[    1.798055] e1000 0000:00:03.0 eth0: Intel(R) PRO/1000 Network Connection
[    1.799657] mptbase: ioc0: Initiating bringup
[    1.861610] ioc0: LSI53C1030 A0: Capabilities={Initiator}
[    2.022659] scsi host2: ioc0: LSI53C1030 A0, FwRev=00000000h, Ports=1, MaxQ=256, IRQ=20
[    2.135270] scsi 2:0:0:0: Direct-Access     VBOX     HARDDISK         1.0  PQ: 0 ANSI: 5
[    2.153763] scsi target2:0:0: Beginning Domain Validation
[    2.155898] scsi target2:0:0: Domain Validation skipping write tests
[    2.157403] scsi target2:0:0: Ending Domain Validation
[    2.158486] scsi target2:0:0: asynchronous
[    2.159643] scsi 2:0:1:0: Direct-Access     VBOX     HARDDISK         1.0  PQ: 0 ANSI: 5
[    2.161288] scsi target2:0:1: Beginning Domain Validation
[    2.162956] scsi target2:0:1: Domain Validation skipping write tests
[    2.164261] scsi target2:0:1: Ending Domain Validation
[    2.170306] scsi target2:0:1: asynchronous
[    2.330120] sd 2:0:0:0: Attached scsi generic sg0 type 0
[    2.331149] sd 2:0:0:0: [sda] 83886080 512-byte logical blocks: (42.9 GB/40.0 GiB)
[    2.332986] sd 2:0:1:0: [sdb] 20480 512-byte logical blocks: (10.5 MB/10.0 MiB)
[    2.334807] sd 2:0:1:0: Attached scsi generic sg1 type 0
[    2.336215] sd 2:0:0:0: [sda] Write Protect is off
[    2.337278] sd 2:0:1:0: [sdb] Write Protect is off
[    2.338395] sd 2:0:1:0: [sdb] Incomplete mode parameter data
[    2.339337] sd 2:0:1:0: [sdb] Assuming drive cache: write through
[    2.340364] sd 2:0:0:0: [sda] Incomplete mode parameter data
[    2.341391] sd 2:0:0:0: [sda] Assuming drive cache: write through
[    2.343805]  sda: sda1
[    2.344858] sd 2:0:0:0: [sda] Attached SCSI disk
[    2.346506] sd 2:0:1:0: [sdb] Attached SCSI disk
[    2.552747] e1000 0000:00:08.0 eth1: (PCI:33MHz:32-bit) 08:00:27:1a:f9:a6
[    2.554125] e1000 0000:00:08.0 eth1: Intel(R) PRO/1000 Network Connection
[    2.556489] e1000 0000:00:08.0 enp0s8: renamed from eth1
[    2.559156] e1000 0000:00:03.0 enp0s3: renamed from eth0
Begin: Loading essential drivers ... [    3.878440] md: linear personality registered for level -1
[    3.882026] md: multipath personality registered for level -4
[    3.886401] md: raid0 personality registered for level 0
[    3.891078] md: raid1 personality registered for level 1
[    3.960669] raid6: sse2x1   gen()  6328 MB/s
[    4.029217] raid6: sse2x1   xor()  6242 MB/s
[    4.096813] raid6: sse2x2   gen() 11672 MB/s
[    4.165365] raid6: sse2x2   xor()  7511 MB/s
[    4.232953] raid6: sse2x4   gen() 13638 MB/s
[    4.301526] raid6: sse2x4   xor()  6143 MB/s
[    4.369311] raid6: avx2x1   gen() 10554 MB/s
[    4.436764] raid6: avx2x2   gen() 12397 MB/s
[    4.505273] raid6: avx2x4   gen() 15865 MB/s
[    4.506161] raid6: using algorithm avx2x4 gen() 15865 MB/s
[    4.507116] raid6: using avx2x2 recovery algorithm
[    4.509676] xor: automatically using best checksumming function:
[    4.549447]    avx       :  9350.000 MB/sec
[    4.552744] async_tx: api initialized (async)
[    4.567443] md: raid6 personality registered for level 6
[    4.568978] md: raid5 personality registered for level 5
[    4.570146] md: raid4 personality registered for level 4
[    4.576190] md: raid10 personality registered for level 10
done.
Begin: Running /scripts/init-premount ... done.
Begin: Mounting root file system ... Begin: Running /scripts/local-top ... done.
Begin: Running /scripts/local-premount ... [    4.611373] Btrfs loaded
Scanning for Btrfs filesystems
done.
Warning: fsck not present, so skipping root file system
[    4.645644] EXT4-fs (sda1): mounted filesystem with ordered data mode. Opts: (null)
done.
Begin: Running /scripts/local-bottom ... done.
Begin: Running /scripts/init-bottom ... done.
[    4.758164] systemd[1]: systemd 229 running in system mode. (+PAM +AUDIT +SELINUX +IMA +APPARMOR +SMACK +SYSVINIT +UTMP +LIBCRYPTSETUP +GCRYPT +GNUTLS +ACL +XZ -LZ4 +SECCOMP +BLKID +ELFUTILS +KMOD -IDN)
[    4.761184] systemd[1]: Detected virtualization oracle.
[    4.762189] systemd[1]: Detected architecture x86-64.

Welcome to [1mUbuntu 16.04.7 LTS[0m!

[    4.773757] systemd[1]: Set hostname to <docker>.
[    4.936669] systemd[1]: Reached target Swap.
[[0;32m  OK  [0m] Reached target Swap.
[    4.939067] systemd[1]: Listening on udev Kernel Socket.
[[0;32m  OK  [0m] Listening on udev Kernel Socket.
[    4.941182] systemd[1]: Listening on Device-mapper event daemon FIFOs.
[[0;32m  OK  [0m] Listening on Device-mapper event daemon FIFOs.
[    4.943730] systemd[1]: Listening on Journal Audit Socket.
[[0;32m  OK  [0m] Listening on Journal Audit Socket.
[    4.947189] systemd[1]: Listening on LVM2 poll daemon socket.
[[0;32m  OK  [0m] Listening on LVM2 poll daemon socket.
[    4.950871] systemd[1]: Created slice System Slice.
[[0;32m  OK  [0m] Created slice System Slice.
[    4.953051] systemd[1]: Listening on Journal Socket.
[[0;32m  OK  [0m] Listening on Journal Socket.
[    4.955478] systemd[1]: Mounting POSIX Message Queue File System...
         Mounting POSIX Message Queue File System...
[    4.960690] systemd[1]: Starting Load Kernel Modules...
         Starting Load Kernel Modules...
[    4.963881] systemd[1]: Started Trigger resolvconf update for networkd DNS.
[[0;32m  OK  [0m] Started Trigger resolvconf update for networkd DNS.
[    4.974009] systemd[1]: Listening on fsck to fsckd communication Socket.
[[0;32m  OK  [0m] Listening on fsck to fsckd communication Socket.
[    4.980302] Loading iSCSI transport class v2.0-870.
[    4.983442] systemd[1]: Starting File System Check on Root Device...
         Starting File System Check on Root Device...
[    4.991141] systemd[1]: Starting Set console keymap...
         Starting Set console keymap...
[    4.997507] systemd[1]: Set up automount Arbitrary Executable File Formats File System Automount Point.
[[0;32m  OK  [0m] Set up automount Arbitrary Executab...ats File System Automount Point.
[    5.006402] systemd[1]: Reached target User and Group Name Lookups.
[[0;32m  OK  [0m] Reached target User and Group Name Lookups.
[    5.010181] systemd[1]: Reached target System Time Synchronized.
[[0;32m  OK  [0m] Reached target System Time Synchronized.
[    5.017245] systemd[1]: Starting Uncomplicated firewall...
         Starting Uncomplicated firewall...
[    5.025038] systemd[1]: Listening on Journal Socket (/dev/log).
[[0;32m  OK  [0m] Listening on Journal Socket (/dev/log).
[    5.028307] systemd[1]: Mounting Debug File System...
         Mounting Debug File System...
[    5.034372] iscsi: registered transport (tcp)
[    5.038061] systemd[1]: Starting Nameserver information manager...
         Starting Nameserver information manager...
[    5.040394] systemd[1]: Created slice system-serial\x2dgetty.slice.
[[0;32m  OK  [0m] Created slice system-serial\x2dgetty.slice.
[    5.046567] systemd[1]: Listening on udev Control Socket.
[[0;32m  OK  [0m] Listening on udev Control Socket.
[    5.055362] systemd[1]: Starting Create list of required static device nodes for the current kernel...
         Starting Create list of required st... nodes for the current kernel...
[    5.061074] systemd[1]: Created slice User and Session Slice.
[[0;32m  OK  [0m] Created slice User and Session Slice.
[    5.064933] systemd[1]: Reached target Slices.
[[0;32m  OK  [0m] Reached target Slices.
[    5.068683] systemd[1]: Listening on /dev/initctl Compatibility Named Pipe.
[[0;32m  OK  [0m] Listening on /dev/initctl Compatibility Named Pipe.
[    5.075726] systemd[1]: Mounting Huge Pages File System...
         Mounting Huge Pages File System...
[    5.079476] systemd[1]: Reached target Encrypted Volumes.
[[0;32m  OK  [0m] Reached target Encrypted Volumes.
[    5.086248] systemd[1]: Started Forward Password Requests to Wall Directory Watch.
[[0;32m  OK  [0m] Started Forward Password Requests to Wall Directory Watch.
[    5.091289] systemd[1]: Listening on Syslog Socket.
[[0;32m  OK  [0m] Listening on Syslog Socket.
[    5.099713] systemd[1]: Starting Journal Service...
         Starting Journal Service...
[    5.112906] systemd[1]: Listening on LVM2 metadata daemon socket.
[[0;32m  OK  [0m] Listening on LVM2 metadata daemon socket.
[    5.121627] systemd[1]: Starting Monitoring of LVM2 mirrors, snapshots etc. using dmeventd or progress polling...
         Starting Monitoring of LVM2 mirrors... dmeventd or progress polling...
[    5.131339] systemd[1]: Mounted Huge Pages File System.
[[0;32m  OK  [0m] Mounted Huge Pages File System.
[    5.143589] systemd[1]: Mounted Debug File System.
[[0;32m  OK  [0m] Mounted Debug File System.
[    5.145549] systemd[1]: Mounted POSIX Message Queue File System.
[[0;32m  OK  [0m] Mounted POSIX Message Queue File System.
[    5.151965] systemd[1]: Started File System Check on Root Device.
[[0;32m  OK  [0m] Started File System Check on Root Device.
[    5.159820] iscsi: registered transport (iser)
[    5.166203] systemd[1]: Started Uncomplicated firewall.
[[0;32m  OK  [0m] Started Uncomplicated firewall.
[    5.169897] systemd[1]: Started Create list of required static device nodes for the current kernel.
[[0;32m  OK  [0m] Started Create list of required sta...ce nodes for the current kernel.
[    5.179884] systemd[1]: Started Load Kernel Modules.
[[0;32m  OK  [0m] Started Load Kernel Modules.
[    5.190142] systemd[1]: Started Nameserver information manager.
[[0;32m  OK  [0m] Started Nameserver information manager.
[    5.199468] systemd[1]: Started LVM2 metadata daemon.
[[0;32m  OK  [0m] Started LVM2 metadata daemon.
[    5.206025] systemd[1]: Mounting FUSE Control File System...
         Mounting FUSE Control File System...[    5.208025] random: nonblocking pool is initialized

[    5.217573] systemd[1]: Starting Apply Kernel Variables...
         Starting Apply Kernel Variables...
[    5.225121] systemd[1]: Started File System Check Daemon to report status.
[[0;32m  OK  [0m] Started File System Check Daemon to report status.
[    5.240075] systemd[1]: Starting Create Static Device Nodes in /dev...
         Starting Create Static Device Nodes in /dev...
[    5.244100] systemd[1]: Starting Remount Root and Kernel File Systems...
         Starting Remount Root and Kernel File Systems...
[    5.256550] systemd[1]: Mounted FUSE Control File System.
[    5.270829] EXT4-fs (sda1): re-mounted. Opts: (null)
[[0;32m  OK  [0m] Mounted FUSE Control File System.
[[0;32m  OK  [0m] Started Apply Kernel Variables.
[[0;32m  OK  [0m] Started Remount Root and Kernel File Systems.
         Starting udev Coldplug all Devices...
         Starting Load/Save Random Seed...
[[0;32m  OK  [0m] Started Load/Save Random Seed.
[[0;32m  OK  [0m] Started Create Static Device Nodes in /dev.
         Starting udev Kernel Device Manager...
[[0;32m  OK  [0m] Started Journal Service.
         Starting Flush Journal to Persistent Storage...
[[0;32m  OK  [0m] Started Flush Journal to Persistent Storage.
[[0;32m  OK  [0m] Started Set console keymap.
[[0;32m  OK  [0m] Started udev Kernel Device Manager.
[[0;32m  OK  [0m] Started udev Coldplug all Devices.
[[0;32m  OK  [0m] Started Dispatch Password Requests to Console Directory Watch.
[[0;32m  OK  [0m] Started Monitoring of LVM2 mirrors,...ng dmeventd or progress polling.
[[0;32m  OK  [0m] Reached target Local File Systems (Pre).
[[0;32m  OK  [0m] Reached target Local File Systems.
         Starting LSB: AppArmor initialization...
         Starting Create Volatile Files and Directories...
         Starting Set console font and keymap...
         Starting Initial cloud-init job (pre-networking)...
         Starting Tell Plymouth To Write Out Runtime Data...
         Mounting /home/vagrant/proyect...
         Mounting /vagrant...
[[0;1;31mFAILED[0m] Failed to mount /vagrant.
See 'systemctl status vagrant.mount' for details.
[[0;32m  OK  [0m] Started Tell Plymouth To Write Out Runtime Data.
[[0;1;31mFAILED[0m] Failed to mount /home/vagrant/proyect.
See 'systemctl status home-vagrant-proyect.mount' for details.
[[0;32m  OK  [0m] Found device /dev/ttyS0.
[[0;32m  OK  [0m] Started Create Volatile Files and Directories.
         Starting Update UTMP about System Boot/Shutdown...
[[0;32m  OK  [0m] Started Update UTMP about System Boot/Shutdown.
[[0;32m  OK  [0m] Started LSB: AppArmor initialization.
[[0;32m  OK  [0m] Listening on Load/Save RF Kill Switch Status /dev/rfkill Watch.
         Starting Load AppArmor profiles managed internally by snapd...
[[0;32m  OK  [0m] Started Load AppArmor profiles managed internally by snapd.
[[0;32m  OK  [0m] Found device 82540EM Gigabit Ethern...r (PRO/1000 MT Desktop Adapter).
[[0;32m  OK  [0m] Found device 82540EM Gigabit Ethern...r (PRO/1000 MT Desktop Adapter).
[    7.428758] cloud-init[519]: Cloud-init v. 20.4.1-0ubuntu1~16.04.1 running 'init-local' at Fri, 07 May 2021 18:58:55 +0000. Up 6.87 seconds.
[[0;32m  OK  [0m] Started Set console font and keymap.
[[0;32m  OK  [0m] Created slice system-getty.slice.
[[0;32m  OK  [0m] Started Initial cloud-init job (pre-networking).
[[0;32m  OK  [0m] Reached target Network (Pre).
[[0;32m  OK  [0m] Started ifup for enp0s8.
         Starting Raise network interfaces...
[[0;32m  OK  [0m] Started ifup for enp0s3.
[[0;32m  OK  [0m] Started Raise network interfaces.
[[0;32m  OK  [0m] Reached target Network.
         Starting Initial cloud-init job (metadata service crawler)...
[    8.605631] cloud-init[1101]: Cloud-init v. 20.4.1-0ubuntu1~16.04.1 running 'init' at Fri, 07 May 2021 18:58:56 +0000. Up 8.31 seconds.
[    8.607298] cloud-init[1101]: ci-info: ++++++++++++++++++++++++++++++++++++++Net device info+++++++++++++++++++++++++++++++++++++++
[    8.610087] cloud-init[1101]: ci-info: +--------+------+-----------------------------+---------------+--------+-------------------+
[    8.612435] cloud-init[1101]: ci-info: | Device |  Up  |           Address           |      Mask     | Scope  |     Hw-Address    |
[    8.617056] cloud-init[1101]: ci-info: +--------+------+-----------------------------+---------------+--------+-------------------+
[    8.620923] cloud-init[1101]: ci-info: | enp0s3 | True |          10.0.2.15          | 255.255.255.0 | global | 02:b5:11:9f:b1:da |
[    8.624979] cloud-init[1101]: ci-info: | enp0s3 | True |  fe80::b5:11ff:fe9f:b1da/64 |       .       |  link  | 02:b5:11:9f:b1:da |
[    8.629089] cloud-init[1101]: ci-info: | enp0s8 | True |        192.168.33.11        | 255.255.255.0 | global | 08:00:27:1a:f9:a6 |
[    8.632670] cloud-init[1101]: ci-info: | enp0s8 | True | fe80::a00:27ff:fe1a:f9a6/64 |       .       |  link  | 08:00:27:1a:f9:a6 |
[    8.634496] cloud-init[1101]: ci-info: |   lo   | True |          127.0.0.1          |   255.0.0.0   |  host  |         .         |
[    8.641208] cloud-init[1101]: ci-info: |   lo   | True |           ::1/128           |       .       |  host  |         .         |
[    8.644574] cloud-init[1101]: ci-info: +--------+------+-----------------------------+---------------+--------+-------------------+
[    8.648419] cloud-init[1101]: ci-info: ++++++++++++++++++++++++++++Route IPv4 info++++++++++++++++++++++++++++
[    8.653219] cloud-init[1101]: ci-info: +-------+--------------+----------+---------------+-----------+-------+
[    8.657364] cloud-init[1101]: ci-info: | Route | Destination  | Gateway  |    Genmask    | Interface | Flags |
[    8.659624] cloud-init[1101]: ci-info: +-------+--------------+----------+---------------+-----------+-------+
[    8.665326] cloud-init[1101]: ci-info: |   0   |   0.0.0.0    | 10.0.2.2 |    0.0.0.0    |   enp0s3  |   UG  |
[    8.666826] cloud-init[1101]: ci-info: |   1   |   10.0.2.0   | 0.0.0.0  | 255.255.255.0 |   enp0s3  |   U   |
[    8.668415] cloud-init[1101]: ci-info: |   2   | 192.168.33.0 | 0.0.0.0  | 255.255.255.0 |   enp0s8  |   U   |
[    8.672822] cloud-init[1101]: ci-info: +-------+--------------+----------+---------------+-----------+-------+
[    8.674270] cloud-init[1101]: ci-info: +++++++++++++++++++Route IPv6 info+++++++++++++++++++
[    8.680825] cloud-init[1101]: ci-info: +-------+-------------+---------+-----------+-------+
[    8.682032] cloud-init[1101]: ci-info: | Route | Destination | Gateway | Interface | Flags |
[    8.683414] cloud-init[1101]: ci-info: +-------+-------------+---------+-----------+-------+
[    8.688776] cloud-init[1101]: ci-info: |   0   |  fe80::/64  |    ::   |   enp0s8  |   U   |
[    8.690062] cloud-init[1101]: ci-info: |   1   |  fe80::/64  |    ::   |   enp0s3  |   U   |
[    8.691349] cloud-init[1101]: ci-info: |   4   |   ff00::/8  |    ::   |   enp0s8  |   U   |
[    8.705235] cloud-init[1101]: ci-info: |   5   |   ff00::/8  |    ::   |   enp0s3  |   U   |
[    8.706402] cloud-init[1101]: ci-info: +-------+-------------+---------+-----------+-------+
[[0;32m  OK  [0m] Started Initial cloud-init job (metadata service crawler).
[[0;32m  OK  [0m] Reached target Cloud-config availability.
[[0;32m  OK  [0m] Reached target System Initialization.
         Starting Socket activation for snappy daemon.
[[0;32m  OK  [0m] Listening on UUID daemon activation socket.
[[0;32m  OK  [0m] Started Daily Cleanup of Temporary Directories.
         Starting LXD - unix socket.
[[0;32m  OK  [0m] Started ACPI Events Check.
[[0;32m  OK  [0m] Reached target Paths.
         Starting Docker Socket for the API.
[[0;32m  OK  [0m] Started Message of the Day.
[[0;32m  OK  [0m] Listening on ACPID Listen Socket.
[[0;32m  OK  [0m] Started Daily apt download activities.
[[0;32m  OK  [0m] Started Daily apt upgrade and clean activities.
[[0;32m  OK  [0m] Reached target Timers.
[[0;32m  OK  [0m] Listening on D-Bus System Message Bus Socket.
[[0;32m  OK  [0m] Reached target Network is Online.
         Starting iSCSI initiator daemon (iscsid)...
[[0;32m  OK  [0m] Listening on Socket activation for snappy daemon.
[[0;32m  OK  [0m] Listening on LXD - unix socket.
[[0;32m  OK  [0m] Listening on Docker Socket for the API.
[[0;32m  OK  [0m] Reached target Sockets.
[[0;32m  OK  [0m] Reached target Basic System.
         Starting LSB: MD monitoring daemon...
[[0;32m  OK  [0m] Started FUSE filesystem for LXC.
         Starting System Logging Service...
[[0;32m  OK  [0m] Started Regular background program processing daemon.
         Starting /etc/rc.local Compatibility...
         Starting Accounts Service...
         Starting Virtualbox guest utils...
[[0;32m  OK  [0m] Started ACPI event daemon.
         Starting LXD - container startup/shutdown...
[[0;32m  OK  [0m] Started D-Bus System Message Bus.
         Starting Snap Daemon...
         Starting LSB: Record successful boot for GRUB...
[[0;32m  OK  [0m] Started Deferred execution scheduler.
         Starting containerd container runtime...
         Starting Message of the Day...
         Starting OpenBSD Secure Shell server...
         Starting Login Service...
[[0;32m  OK  [0m] Started System Logging Service.
[[0;32m  OK  [0m] Started iSCSI initiator daemon (iscsid).
[[0;32m  OK  [0m] Started /etc/rc.local Compatibility.
[[0;32m  OK  [0m] Started Message of the Day.
         Starting Login to default iSCSI targets...
[[0;32m  OK  [0m] Started Login to default iSCSI targets.
[[0;32m  OK  [0m] Reached target Remote File Systems (Pre).
[[0;32m  OK  [0m] Reached target Remote File Systems.
         Starting Permit User Sessions...
         Starting LSB: automatic crash report generation...
         Starting LSB: Set the CPU Frequency Scaling governor to "ondemand"...
         Starting LSB: daemon to balance interrupts for SMP systems...
[[0;32m  OK  [0m] Started Permit User Sessions.
         Starting Hold until boot process finishes up...
         Starting Terminate Plymouth Boot Screen...
[[0;32m  OK  [0m] Started Hold until boot process finishes up.
         Starting Set console scheme...
[[0;32m  OK  [0m] Started Serial Getty on ttyS0.
[[0;32m  OK  [0m] Started Getty on tty1.
[[0;32m  OK  [0m] Reached target Login Prompts.
[[0;32m  OK  [0m] Started Terminate Plymouth Boot Screen.
[[0;32m  OK  [0m] Started Set console scheme.
[[0;32m  OK  [0m] Started Login Service.
[[0;32m  OK  [0m] Started Unattended Upgrades Shutdown.
[[0;32m  OK  [0m] Started LSB: Set the CPU Frequency Scaling governor to "ondemand".
         Starting Authenticate and Authorize Users to Run Privileged Tasks...
[[0;32m  OK  [0m] Started LSB: MD monitoring daemon.
[[0;32m  OK  [0m] Started Authenticate and Authorize Users to Run Privileged Tasks.
[[0;32m  OK  [0m] Started Accounts Service.
[[0;32m  OK  [0m] Started LSB: automatic crash report generation.
[[0;32m  OK  [0m] Started OpenBSD Secure Shell server.
[[0;32m  OK  [0m] Started LSB: daemon to balance interrupts for SMP systems.
[[0;32m  OK  [0m] Started LSB: Record successful boot for GRUB.
[[0;32m  OK  [0m] Started LXD - container startup/shutdown.
[[0;32m  OK  [0m] Started Virtualbox guest utils.
[[0;32m  OK  [0m] Started Snap Daemon.
         Starting Wait until snapd is fully seeded...
[[0;32m  OK  [0m] Started Wait until snapd is fully seeded.
         Starting Apply the settings specified in cloud-config...
[[0;32m  OK  [0m] Started containerd container runtime.
         Starting Docker Application Container Engine...
[   11.747977] cloud-init[1385]: Cloud-init v. 20.4.1-0ubuntu1~16.04.1 running 'modules:config' at Fri, 07 May 2021 18:58:59 +0000. Up 11.32 seconds.
[[0;32m  OK  [0m] Started Apply the settings specified in cloud-config.
[[0;32m  OK  [0m] Started Docker Application Container Engine.
[[0;32m  OK  [0m] Reached target Multi-User System.
         Starting Execute cloud user/final scripts...
[[0;32m  OK  [0m] Reached target Graphical Interface.
         Starting Update UTMP about System Runlevel Changes...
[[0;32m  OK  [0m] Started Update UTMP about System Runlevel Changes.
[   12.766300] cloud-init[1589]: Cloud-init v. 20.4.1-0ubuntu1~16.04.1 running 'modules:final' at Fri, 07 May 2021 18:59:01 +0000. Up 12.60 seconds.
[   12.768354] cloud-init[1589]: Cloud-init v. 20.4.1-0ubuntu1~16.04.1 finished at Fri, 07 May 2021 18:59:01 +0000. Datasource DataSourceNoCloud [seed=/dev/sdb][dsmode=net].  Up 12.75 seconds
[[0;32m  OK  [0m] Started Execute cloud user/final scripts.
         Starting Daily apt download activities...
[[0;32m  OK  [0m] Reached target Cloud-init target.
[[0;32m  OK  [0m] Created slice User Slice of vagrant.
         Starting User Manager for UID 1000...
[[0;32m  OK  [0m] Started Session 1 of user vagrant.
[[0;32m  OK  [0m] Started User Manager for UID 1000.

Ubuntu 16.04.7 LTS docker ttyS0

docker login: 